<?xml version="1.0" encoding="UTF-8"?>
<coverage generated="1583660760829" clover="3.2.0">
  <project timestamp="1583660760829" name="All files">
    <metrics statements="44" coveredstatements="44" conditionals="16" coveredconditionals="12" methods="9" coveredmethods="9" elements="69" coveredelements="65" complexity="0" loc="44" ncloc="44" packages="1" files="1" classes="1"/>
    <file name="metro-lens-stack.ts" path="/Users/ericmorrison/Documents/code/apps/metro-lens/cloud/lib/metro-lens-stack.ts">
      <metrics statements="44" coveredstatements="44" conditionals="16" coveredconditionals="12" methods="9" coveredmethods="9"/>
      <line num="4" count="1" type="stmt"/>
      <line num="5" count="1" type="stmt"/>
      <line num="6" count="1" type="stmt"/>
      <line num="7" count="1" type="stmt"/>
      <line num="8" count="1" type="stmt"/>
      <line num="9" count="1" type="stmt"/>
      <line num="10" count="1" type="stmt"/>
      <line num="11" count="1" type="stmt"/>
      <line num="12" count="1" type="stmt"/>
      <line num="13" count="1" type="stmt"/>
      <line num="25" count="1" type="stmt"/>
      <line num="36" count="5" type="stmt"/>
      <line num="39" count="5" type="cond" truecount="3" falsecount="1"/>
      <line num="42" count="5" type="cond" truecount="3" falsecount="1"/>
      <line num="45" count="5" type="stmt"/>
      <line num="48" count="5" type="stmt"/>
      <line num="51" count="5" type="stmt"/>
      <line num="54" count="5" type="stmt"/>
      <line num="71" count="5" type="stmt"/>
      <line num="94" count="5" type="stmt"/>
      <line num="97" count="5" type="stmt"/>
      <line num="116" count="5" type="stmt"/>
      <line num="120" count="10" type="stmt"/>
      <line num="130" count="5" type="stmt"/>
      <line num="136" count="5" type="stmt"/>
      <line num="146" count="5" type="stmt"/>
      <line num="157" count="5" type="stmt"/>
      <line num="166" count="5" type="stmt"/>
      <line num="167" count="5" type="stmt"/>
      <line num="182" count="5" type="stmt"/>
      <line num="187" count="5" type="stmt"/>
      <line num="197" count="5" type="stmt"/>
      <line num="203" count="5" type="stmt"/>
      <line num="206" count="5" type="stmt"/>
      <line num="209" count="5" type="stmt"/>
      <line num="212" count="5" type="stmt"/>
      <line num="218" count="5" type="stmt"/>
      <line num="224" count="5" type="stmt"/>
      <line num="225" count="5" type="stmt"/>
      <line num="228" count="5" type="stmt"/>
      <line num="252" count="5" type="stmt"/>
      <line num="259" count="5" type="stmt"/>
      <line num="264" count="5" type="stmt"/>
      <line num="269" count="5" type="stmt"/>
    </file>
  </project>
</coverage>
