<?xml version="1.0" encoding="UTF-8"?>
<coverage generated="1583632357480" clover="3.2.0">
  <project timestamp="1583632357480" name="All files">
    <metrics statements="44" coveredstatements="44" conditionals="16" coveredconditionals="12" methods="9" coveredmethods="9" elements="69" coveredelements="65" complexity="0" loc="44" ncloc="44" packages="1" files="1" classes="1"/>
    <file name="metro-lens-stack.ts" path="/Users/ericmorrison/Documents/code/apps/metro-lens/cloud/lib/metro-lens-stack.ts">
      <metrics statements="44" coveredstatements="44" conditionals="16" coveredconditionals="12" methods="9" coveredmethods="9"/>
      <line num="4" count="1" type="stmt"/>
      <line num="5" count="1" type="stmt"/>
      <line num="6" count="1" type="stmt"/>
      <line num="7" count="1" type="stmt"/>
      <line num="8" count="1" type="stmt"/>
      <line num="9" count="1" type="stmt"/>
      <line num="10" count="1" type="stmt"/>
      <line num="11" count="1" type="stmt"/>
      <line num="12" count="1" type="stmt"/>
      <line num="13" count="1" type="stmt"/>
      <line num="25" count="1" type="stmt"/>
      <line num="36" count="5" type="stmt"/>
      <line num="39" count="5" type="cond" truecount="3" falsecount="1"/>
      <line num="42" count="5" type="cond" truecount="3" falsecount="1"/>
      <line num="45" count="5" type="stmt"/>
      <line num="48" count="5" type="stmt"/>
      <line num="51" count="5" type="stmt"/>
      <line num="54" count="5" type="stmt"/>
      <line num="71" count="5" type="stmt"/>
      <line num="90" count="5" type="stmt"/>
      <line num="93" count="5" type="stmt"/>
      <line num="112" count="5" type="stmt"/>
      <line num="116" count="10" type="stmt"/>
      <line num="126" count="5" type="stmt"/>
      <line num="132" count="5" type="stmt"/>
      <line num="142" count="5" type="stmt"/>
      <line num="153" count="5" type="stmt"/>
      <line num="162" count="5" type="stmt"/>
      <line num="163" count="5" type="stmt"/>
      <line num="178" count="5" type="stmt"/>
      <line num="183" count="5" type="stmt"/>
      <line num="193" count="5" type="stmt"/>
      <line num="199" count="5" type="stmt"/>
      <line num="202" count="5" type="stmt"/>
      <line num="205" count="5" type="stmt"/>
      <line num="208" count="5" type="stmt"/>
      <line num="214" count="5" type="stmt"/>
      <line num="220" count="5" type="stmt"/>
      <line num="221" count="5" type="stmt"/>
      <line num="224" count="5" type="stmt"/>
      <line num="248" count="5" type="stmt"/>
      <line num="255" count="5" type="stmt"/>
      <line num="260" count="5" type="stmt"/>
      <line num="265" count="5" type="stmt"/>
    </file>
  </project>
</coverage>
