{"/Users/ericmorrison/Documents/code/apps/metro-lens/cloud/lib/metro-lens-stack.ts": {"path":"/Users/ericmorrison/Documents/code/apps/metro-lens/cloud/lib/metro-lens-stack.ts","statementMap":{"0":{"start":{"line":4,"column":0},"end":{"line":4,"column":36}},"1":{"start":{"line":5,"column":0},"end":{"line":5,"column":37}},"2":{"start":{"line":6,"column":0},"end":{"line":6,"column":58}},"3":{"start":{"line":7,"column":0},"end":{"line":7,"column":45}},"4":{"start":{"line":8,"column":0},"end":{"line":8,"column":53}},"5":{"start":{"line":9,"column":0},"end":{"line":9,"column":45}},"6":{"start":{"line":10,"column":0},"end":{"line":10,"column":54}},"7":{"start":{"line":11,"column":0},"end":{"line":11,"column":47}},"8":{"start":{"line":12,"column":0},"end":{"line":12,"column":53}},"9":{"start":{"line":13,"column":0},"end":{"line":13,"column":54}},"10":{"start":{"line":36,"column":4},"end":{"line":36,"column":null}},"11":{"start":{"line":116,"column":10},"end":{"line":164,"column":null}},"12":{"start":{"line":120,"column":68},"end":{"line":125,"column":8}},"13":{"start":{"line":130,"column":8},"end":{"line":130,"column":68}},"14":{"start":{"line":136,"column":8},"end":{"line":142,"column":10}},"15":{"start":{"line":146,"column":33},"end":{"line":153,"column":null}},"16":{"start":{"line":157,"column":8},"end":{"line":161,"column":null}},"17":{"start":{"line":166,"column":10},"end":{"line":180,"column":null}},"18":{"start":{"line":167,"column":4},"end":{"line":180,"column":6}},"19":{"start":{"line":182,"column":10},"end":{"line":194,"column":null}},"20":{"start":{"line":187,"column":4},"end":{"line":194,"column":6}},"21":{"start":{"line":197,"column":10},"end":{"line":250,"column":null}},"22":{"start":{"line":203,"column":48},"end":{"line":203,"column":53}},"23":{"start":{"line":206,"column":24},"end":{"line":206,"column":67}},"24":{"start":{"line":209,"column":20},"end":{"line":209,"column":73}},"25":{"start":{"line":212,"column":27},"end":{"line":214,"column":null}},"26":{"start":{"line":218,"column":30},"end":{"line":220,"column":null}},"27":{"start":{"line":224,"column":27},"end":{"line":224,"column":62}},"28":{"start":{"line":225,"column":27},"end":{"line":225,"column":62}},"29":{"start":{"line":228,"column":4},"end":{"line":249,"column":null}},"30":{"start":{"line":252,"column":10},"end":{"line":273,"column":null}},"31":{"start":{"line":259,"column":17},"end":{"line":261,"column":6}},"32":{"start":{"line":264,"column":19},"end":{"line":265,"column":null}},"33":{"start":{"line":269,"column":4},"end":{"line":272,"column":null}},"34":{"start":{"line":39,"column":19},"end":{"line":39,"column":65}},"35":{"start":{"line":42,"column":23},"end":{"line":42,"column":56}},"36":{"start":{"line":45,"column":19},"end":{"line":45,"column":48}},"37":{"start":{"line":48,"column":25},"end":{"line":48,"column":66}},"38":{"start":{"line":51,"column":4},"end":{"line":51,"column":null}},"39":{"start":{"line":54,"column":23},"end":{"line":57,"column":null}},"40":{"start":{"line":71,"column":31},"end":{"line":90,"column":null}},"41":{"start":{"line":94,"column":31},"end":{"line":94,"column":77}},"42":{"start":{"line":97,"column":4},"end":{"line":103,"column":null}},"43":{"start":{"line":25,"column":0},"end":{"line":25,"column":13}}},"fnMap":{"0":{"name":"(anonymous_0)","decl":{"start":{"line":35,"column":2},"end":{"line":35,"column":14}},"loc":{"start":{"line":35,"column":60},"end":{"line":114,"column":3}}},"1":{"name":"(anonymous_1)","decl":{"start":{"line":118,"column":22},"end":{"line":118,"column":null}},"loc":{"start":{"line":120,"column":68},"end":{"line":125,"column":8}}},"2":{"name":"(anonymous_2)","decl":{"start":{"line":129,"column":25},"end":{"line":129,"column":26}},"loc":{"start":{"line":130,"column":8},"end":{"line":130,"column":68}}},"3":{"name":"(anonymous_3)","decl":{"start":{"line":132,"column":28},"end":{"line":132,"column":null}},"loc":{"start":{"line":136,"column":8},"end":{"line":142,"column":10}}},"4":{"name":"(anonymous_4)","decl":{"start":{"line":144,"column":35},"end":{"line":144,"column":38}},"loc":{"start":{"line":144,"column":40},"end":{"line":162,"column":7}}},"5":{"name":"(anonymous_5)","decl":{"start":{"line":166,"column":25},"end":{"line":166,"column":26}},"loc":{"start":{"line":167,"column":4},"end":{"line":180,"column":6}}},"6":{"name":"(anonymous_6)","decl":{"start":{"line":182,"column":33},"end":{"line":182,"column":null}},"loc":{"start":{"line":187,"column":4},"end":{"line":194,"column":6}}},"7":{"name":"(anonymous_7)","decl":{"start":{"line":197,"column":29},"end":{"line":197,"column":null}},"loc":{"start":{"line":201,"column":6},"end":{"line":250,"column":3}}},"8":{"name":"(anonymous_8)","decl":{"start":{"line":252,"column":26},"end":{"line":252,"column":null}},"loc":{"start":{"line":256,"column":6},"end":{"line":273,"column":3}}}},"branchMap":{"0":{"loc":{"start":{"line":39,"column":50},"end":{"line":39,"column":52}},"type":"cond-expr","locations":[{"start":{"line":39,"column":50},"end":{"line":39,"column":52}},{"start":{"line":39,"column":45},"end":{"line":39,"column":64}}]},"1":{"loc":{"start":{"line":39,"column":45},"end":{"line":39,"column":52}},"type":"binary-expr","locations":[{"start":{"line":39,"column":45},"end":{"line":39,"column":52}},{"start":{"line":39,"column":45},"end":{"line":39,"column":52}}]},"2":{"loc":{"start":{"line":42,"column":28},"end":{"line":42,"column":30}},"type":"cond-expr","locations":[{"start":{"line":42,"column":28},"end":{"line":42,"column":30}},{"start":{"line":42,"column":23},"end":{"line":42,"column":44}}]},"3":{"loc":{"start":{"line":42,"column":23},"end":{"line":42,"column":30}},"type":"binary-expr","locations":[{"start":{"line":42,"column":23},"end":{"line":42,"column":30}},{"start":{"line":42,"column":23},"end":{"line":42,"column":30}}]},"4":{"loc":{"start":{"line":55,"column":11},"end":{"line":55,"column":13}},"type":"cond-expr","locations":[{"start":{"line":55,"column":11},"end":{"line":55,"column":13}},{"start":{"line":55,"column":6},"end":{"line":55,"column":28}}]},"5":{"loc":{"start":{"line":55,"column":6},"end":{"line":55,"column":13}},"type":"binary-expr","locations":[{"start":{"line":55,"column":6},"end":{"line":55,"column":13}},{"start":{"line":55,"column":6},"end":{"line":55,"column":13}}]},"6":{"loc":{"start":{"line":56,"column":11},"end":{"line":56,"column":13}},"type":"cond-expr","locations":[{"start":{"line":56,"column":11},"end":{"line":56,"column":13}},{"start":{"line":56,"column":6},"end":{"line":56,"column":26}}]},"7":{"loc":{"start":{"line":56,"column":6},"end":{"line":56,"column":13}},"type":"binary-expr","locations":[{"start":{"line":56,"column":6},"end":{"line":56,"column":13}},{"start":{"line":56,"column":6},"end":{"line":56,"column":13}}]}},"s":{"0":1,"1":1,"2":1,"3":1,"4":1,"5":1,"6":1,"7":1,"8":1,"9":1,"10":5,"11":5,"12":10,"13":5,"14":5,"15":5,"16":5,"17":5,"18":5,"19":5,"20":5,"21":5,"22":5,"23":5,"24":5,"25":5,"26":5,"27":5,"28":5,"29":5,"30":5,"31":5,"32":5,"33":5,"34":5,"35":5,"36":5,"37":5,"38":5,"39":5,"40":5,"41":5,"42":5,"43":1},"f":{"0":5,"1":10,"2":5,"3":5,"4":5,"5":5,"6":5,"7":5,"8":5},"b":{"0":[0,5],"1":[5,5],"2":[0,5],"3":[5,5],"4":[0,5],"5":[5,5],"6":[0,5],"7":[5,5]}}
}
