TN:
SF:lib/metro-lens-stack.ts
FN:35,(anonymous_0)
FN:118,(anonymous_1)
FN:129,(anonymous_2)
FN:132,(anonymous_3)
FN:144,(anonymous_4)
FN:166,(anonymous_5)
FN:182,(anonymous_6)
FN:197,(anonymous_7)
FN:252,(anonymous_8)
FNF:9
FNH:9
FNDA:5,(anonymous_0)
FNDA:10,(anonymous_1)
FNDA:5,(anonymous_2)
FNDA:5,(anonymous_3)
FNDA:5,(anonymous_4)
FNDA:5,(anonymous_5)
FNDA:5,(anonymous_6)
FNDA:5,(anonymous_7)
FNDA:5,(anonymous_8)
DA:4,1
DA:5,1
DA:6,1
DA:7,1
DA:8,1
DA:9,1
DA:10,1
DA:11,1
DA:12,1
DA:13,1
DA:25,1
DA:36,5
DA:39,5
DA:42,5
DA:45,5
DA:48,5
DA:51,5
DA:54,5
DA:71,5
DA:94,5
DA:97,5
DA:116,5
DA:120,10
DA:130,5
DA:136,5
DA:146,5
DA:157,5
DA:166,5
DA:167,5
DA:182,5
DA:187,5
DA:197,5
DA:203,5
DA:206,5
DA:209,5
DA:212,5
DA:218,5
DA:224,5
DA:225,5
DA:228,5
DA:252,5
DA:259,5
DA:264,5
DA:269,5
LF:44
LH:44
BRDA:39,0,0,0
BRDA:39,0,1,5
BRDA:39,1,0,5
BRDA:39,1,1,5
BRDA:42,2,0,0
BRDA:42,2,1,5
BRDA:42,3,0,5
BRDA:42,3,1,5
BRDA:55,4,0,0
BRDA:55,4,1,5
BRDA:55,5,0,5
BRDA:55,5,1,5
BRDA:56,6,0,0
BRDA:56,6,1,5
BRDA:56,7,0,5
BRDA:56,7,1,5
BRF:16
BRH:12
end_of_record
