TN:
SF:lib/metro-lens-stack.ts
FN:35,(anonymous_0)
FN:114,(anonymous_1)
FN:125,(anonymous_2)
FN:128,(anonymous_3)
FN:140,(anonymous_4)
FN:162,(anonymous_5)
FN:178,(anonymous_6)
FN:193,(anonymous_7)
FN:248,(anonymous_8)
FNF:9
FNH:9
FNDA:5,(anonymous_0)
FNDA:10,(anonymous_1)
FNDA:5,(anonymous_2)
FNDA:5,(anonymous_3)
FNDA:5,(anonymous_4)
FNDA:5,(anonymous_5)
FNDA:5,(anonymous_6)
FNDA:5,(anonymous_7)
FNDA:5,(anonymous_8)
DA:4,1
DA:5,1
DA:6,1
DA:7,1
DA:8,1
DA:9,1
DA:10,1
DA:11,1
DA:12,1
DA:13,1
DA:25,1
DA:36,5
DA:39,5
DA:42,5
DA:45,5
DA:48,5
DA:51,5
DA:54,5
DA:71,5
DA:90,5
DA:93,5
DA:112,5
DA:116,10
DA:126,5
DA:132,5
DA:142,5
DA:153,5
DA:162,5
DA:163,5
DA:178,5
DA:183,5
DA:193,5
DA:199,5
DA:202,5
DA:205,5
DA:208,5
DA:214,5
DA:220,5
DA:221,5
DA:224,5
DA:248,5
DA:255,5
DA:260,5
DA:265,5
LF:44
LH:44
BRDA:39,0,0,0
BRDA:39,0,1,5
BRDA:39,1,0,5
BRDA:39,1,1,5
BRDA:42,2,0,0
BRDA:42,2,1,5
BRDA:42,3,0,5
BRDA:42,3,1,5
BRDA:55,4,0,0
BRDA:55,4,1,5
BRDA:55,5,0,5
BRDA:55,5,1,5
BRDA:56,6,0,0
BRDA:56,6,1,5
BRDA:56,7,0,5
BRDA:56,7,1,5
BRF:16
BRH:12
end_of_record
