<?xml version="1.0" encoding="UTF-8"?>
<coverage generated="1582993019905" clover="3.2.0">
  <project timestamp="1582993019905" name="All files">
    <metrics statements="26" coveredstatements="25" conditionals="16" coveredconditionals="12" methods="6" coveredmethods="5" elements="48" coveredelements="42" complexity="0" loc="26" ncloc="26" packages="1" files="1" classes="1"/>
    <file name="metro-lens-stack.ts" path="/Users/ericmorrison/Documents/code/apps/metro-lens/lib/metro-lens-stack.ts">
      <metrics statements="26" coveredstatements="25" conditionals="16" coveredconditionals="12" methods="6" coveredmethods="5"/>
      <line num="4" count="1" type="stmt"/>
      <line num="5" count="1" type="stmt"/>
      <line num="6" count="1" type="stmt"/>
      <line num="7" count="1" type="stmt"/>
      <line num="8" count="1" type="stmt"/>
      <line num="9" count="1" type="stmt"/>
      <line num="21" count="1" type="stmt"/>
      <line num="34" count="2" type="stmt"/>
      <line num="37" count="2" type="cond" truecount="3" falsecount="1"/>
      <line num="39" count="2" type="cond" truecount="3" falsecount="1"/>
      <line num="42" count="2" type="stmt"/>
      <line num="45" count="2" type="stmt"/>
      <line num="48" count="2" type="stmt"/>
      <line num="51" count="2" type="stmt"/>
      <line num="72" count="2" type="stmt"/>
      <line num="76" count="0" type="stmt"/>
      <line num="79" count="2" type="stmt"/>
      <line num="80" count="2" type="stmt"/>
      <line num="95" count="2" type="stmt"/>
      <line num="99" count="2" type="stmt"/>
      <line num="105" count="2" type="stmt"/>
      <line num="119" count="2" type="stmt"/>
      <line num="136" count="2" type="stmt"/>
      <line num="142" count="2" type="stmt"/>
      <line num="146" count="2" type="stmt"/>
      <line num="150" count="2" type="stmt"/>
    </file>
  </project>
</coverage>
