<?xml version="1.0" encoding="UTF-8"?>
<coverage generated="1583105008967" clover="3.2.0">
  <project timestamp="1583105008967" name="All files">
    <metrics statements="38" coveredstatements="38" conditionals="16" coveredconditionals="12" methods="9" coveredmethods="9" elements="63" coveredelements="59" complexity="0" loc="38" ncloc="38" packages="1" files="1" classes="1"/>
    <file name="metro-lens-stack.ts" path="/Users/ericmorrison/Documents/code/apps/metro-lens/lib/metro-lens-stack.ts">
      <metrics statements="38" coveredstatements="38" conditionals="16" coveredconditionals="12" methods="9" coveredmethods="9"/>
      <line num="4" count="1" type="stmt"/>
      <line num="5" count="1" type="stmt"/>
      <line num="6" count="1" type="stmt"/>
      <line num="7" count="1" type="stmt"/>
      <line num="8" count="1" type="stmt"/>
      <line num="9" count="1" type="stmt"/>
      <line num="10" count="1" type="stmt"/>
      <line num="22" count="1" type="stmt"/>
      <line num="32" count="2" type="stmt"/>
      <line num="35" count="2" type="cond" truecount="3" falsecount="1"/>
      <line num="38" count="2" type="cond" truecount="3" falsecount="1"/>
      <line num="41" count="2" type="stmt"/>
      <line num="44" count="2" type="stmt"/>
      <line num="47" count="2" type="stmt"/>
      <line num="50" count="2" type="stmt"/>
      <line num="71" count="2" type="stmt"/>
      <line num="75" count="4" type="stmt"/>
      <line num="85" count="2" type="stmt"/>
      <line num="91" count="2" type="stmt"/>
      <line num="101" count="2" type="stmt"/>
      <line num="112" count="2" type="stmt"/>
      <line num="121" count="2" type="stmt"/>
      <line num="122" count="2" type="stmt"/>
      <line num="137" count="2" type="stmt"/>
      <line num="142" count="2" type="stmt"/>
      <line num="152" count="2" type="stmt"/>
      <line num="158" count="2" type="stmt"/>
      <line num="161" count="2" type="stmt"/>
      <line num="164" count="2" type="stmt"/>
      <line num="167" count="2" type="stmt"/>
      <line num="173" count="2" type="stmt"/>
      <line num="179" count="2" type="stmt"/>
      <line num="180" count="2" type="stmt"/>
      <line num="183" count="2" type="stmt"/>
      <line num="207" count="2" type="stmt"/>
      <line num="214" count="2" type="stmt"/>
      <line num="219" count="2" type="stmt"/>
      <line num="224" count="2" type="stmt"/>
    </file>
  </project>
</coverage>
