{"/Users/ericmorrison/Documents/code/apps/metro-lens/lib/metro-lens-stack.ts": {"path":"/Users/ericmorrison/Documents/code/apps/metro-lens/lib/metro-lens-stack.ts","statementMap":{"0":{"start":{"line":4,"column":0},"end":{"line":4,"column":36}},"1":{"start":{"line":5,"column":0},"end":{"line":5,"column":37}},"2":{"start":{"line":6,"column":0},"end":{"line":6,"column":58}},"3":{"start":{"line":7,"column":0},"end":{"line":7,"column":53}},"4":{"start":{"line":8,"column":0},"end":{"line":8,"column":47}},"5":{"start":{"line":9,"column":0},"end":{"line":9,"column":53}},"6":{"start":{"line":34,"column":4},"end":{"line":34,"column":null}},"7":{"start":{"line":72,"column":10},"end":{"line":77,"column":null}},"8":{"start":{"line":76,"column":4},"end":{"line":76,"column":null}},"9":{"start":{"line":79,"column":10},"end":{"line":93,"column":null}},"10":{"start":{"line":80,"column":4},"end":{"line":93,"column":6}},"11":{"start":{"line":95,"column":10},"end":{"line":102,"column":null}},"12":{"start":{"line":99,"column":4},"end":{"line":102,"column":6}},"13":{"start":{"line":105,"column":10},"end":{"line":134,"column":null}},"14":{"start":{"line":119,"column":4},"end":{"line":133,"column":null}},"15":{"start":{"line":136,"column":10},"end":{"line":154,"column":null}},"16":{"start":{"line":142,"column":17},"end":{"line":144,"column":6}},"17":{"start":{"line":146,"column":19},"end":{"line":147,"column":null}},"18":{"start":{"line":150,"column":4},"end":{"line":153,"column":null}},"19":{"start":{"line":37,"column":19},"end":{"line":37,"column":65}},"20":{"start":{"line":39,"column":23},"end":{"line":39,"column":56}},"21":{"start":{"line":42,"column":19},"end":{"line":42,"column":48}},"22":{"start":{"line":45,"column":4},"end":{"line":45,"column":null}},"23":{"start":{"line":48,"column":25},"end":{"line":48,"column":54}},"24":{"start":{"line":51,"column":23},"end":{"line":54,"column":null}},"25":{"start":{"line":21,"column":0},"end":{"line":21,"column":13}}},"fnMap":{"0":{"name":"(anonymous_0)","decl":{"start":{"line":30,"column":2},"end":{"line":30,"column":14}},"loc":{"start":{"line":30,"column":60},"end":{"line":70,"column":3}}},"1":{"name":"(anonymous_1)","decl":{"start":{"line":72,"column":30},"end":{"line":72,"column":31}},"loc":{"start":{"line":72,"column":68},"end":{"line":77,"column":3}}},"2":{"name":"(anonymous_2)","decl":{"start":{"line":79,"column":25},"end":{"line":79,"column":26}},"loc":{"start":{"line":80,"column":4},"end":{"line":93,"column":6}}},"3":{"name":"(anonymous_3)","decl":{"start":{"line":95,"column":33},"end":{"line":95,"column":null}},"loc":{"start":{"line":99,"column":4},"end":{"line":102,"column":6}}},"4":{"name":"(anonymous_4)","decl":{"start":{"line":105,"column":29},"end":{"line":105,"column":30}},"loc":{"start":{"line":105,"column":51},"end":{"line":134,"column":3}}},"5":{"name":"(anonymous_5)","decl":{"start":{"line":136,"column":26},"end":{"line":136,"column":null}},"loc":{"start":{"line":140,"column":6},"end":{"line":154,"column":3}}}},"branchMap":{"0":{"loc":{"start":{"line":37,"column":50},"end":{"line":37,"column":52}},"type":"cond-expr","locations":[{"start":{"line":37,"column":50},"end":{"line":37,"column":52}},{"start":{"line":37,"column":50},"end":{"line":37,"column":64}}]},"1":{"loc":{"start":{"line":37,"column":45},"end":{"line":37,"column":52}},"type":"binary-expr","locations":[{"start":{"line":37,"column":45},"end":{"line":37,"column":52}},{"start":{"line":37,"column":50},"end":{"line":37,"column":52}}]},"2":{"loc":{"start":{"line":39,"column":28},"end":{"line":39,"column":30}},"type":"cond-expr","locations":[{"start":{"line":39,"column":28},"end":{"line":39,"column":30}},{"start":{"line":39,"column":28},"end":{"line":39,"column":44}}]},"3":{"loc":{"start":{"line":39,"column":23},"end":{"line":39,"column":30}},"type":"binary-expr","locations":[{"start":{"line":39,"column":23},"end":{"line":39,"column":30}},{"start":{"line":39,"column":28},"end":{"line":39,"column":30}}]},"4":{"loc":{"start":{"line":52,"column":11},"end":{"line":52,"column":13}},"type":"cond-expr","locations":[{"start":{"line":52,"column":11},"end":{"line":52,"column":13}},{"start":{"line":52,"column":11},"end":{"line":52,"column":28}}]},"5":{"loc":{"start":{"line":52,"column":6},"end":{"line":52,"column":13}},"type":"binary-expr","locations":[{"start":{"line":52,"column":6},"end":{"line":52,"column":13}},{"start":{"line":52,"column":11},"end":{"line":52,"column":13}}]},"6":{"loc":{"start":{"line":53,"column":11},"end":{"line":53,"column":13}},"type":"cond-expr","locations":[{"start":{"line":53,"column":11},"end":{"line":53,"column":13}},{"start":{"line":53,"column":11},"end":{"line":53,"column":26}}]},"7":{"loc":{"start":{"line":53,"column":6},"end":{"line":53,"column":13}},"type":"binary-expr","locations":[{"start":{"line":53,"column":6},"end":{"line":53,"column":13}},{"start":{"line":53,"column":11},"end":{"line":53,"column":13}}]}},"s":{"0":1,"1":1,"2":1,"3":1,"4":1,"5":1,"6":2,"7":2,"8":0,"9":2,"10":2,"11":2,"12":2,"13":2,"14":2,"15":2,"16":2,"17":2,"18":2,"19":2,"20":2,"21":2,"22":2,"23":2,"24":2,"25":1},"f":{"0":2,"1":0,"2":2,"3":2,"4":2,"5":2},"b":{"0":[0,2],"1":[2,2],"2":[0,2],"3":[2,2],"4":[0,2],"5":[2,2],"6":[0,2],"7":[2,2]}}
}
