{"/Users/ericmorrison/Documents/code/apps/metro-lens/lib/metro-lens-stack.ts": {"path":"/Users/ericmorrison/Documents/code/apps/metro-lens/lib/metro-lens-stack.ts","statementMap":{"0":{"start":{"line":4,"column":0},"end":{"line":4,"column":36}},"1":{"start":{"line":5,"column":0},"end":{"line":5,"column":37}},"2":{"start":{"line":6,"column":0},"end":{"line":6,"column":58}},"3":{"start":{"line":7,"column":0},"end":{"line":7,"column":53}},"4":{"start":{"line":8,"column":0},"end":{"line":8,"column":47}},"5":{"start":{"line":9,"column":0},"end":{"line":9,"column":53}},"6":{"start":{"line":10,"column":0},"end":{"line":10,"column":54}},"7":{"start":{"line":32,"column":4},"end":{"line":32,"column":null}},"8":{"start":{"line":71,"column":10},"end":{"line":119,"column":null}},"9":{"start":{"line":75,"column":68},"end":{"line":80,"column":8}},"10":{"start":{"line":85,"column":8},"end":{"line":85,"column":68}},"11":{"start":{"line":91,"column":8},"end":{"line":97,"column":10}},"12":{"start":{"line":101,"column":33},"end":{"line":108,"column":null}},"13":{"start":{"line":112,"column":8},"end":{"line":116,"column":null}},"14":{"start":{"line":121,"column":10},"end":{"line":135,"column":null}},"15":{"start":{"line":122,"column":4},"end":{"line":135,"column":6}},"16":{"start":{"line":137,"column":10},"end":{"line":149,"column":null}},"17":{"start":{"line":142,"column":4},"end":{"line":149,"column":6}},"18":{"start":{"line":152,"column":10},"end":{"line":205,"column":null}},"19":{"start":{"line":158,"column":48},"end":{"line":158,"column":53}},"20":{"start":{"line":161,"column":24},"end":{"line":161,"column":67}},"21":{"start":{"line":164,"column":20},"end":{"line":164,"column":73}},"22":{"start":{"line":167,"column":27},"end":{"line":169,"column":null}},"23":{"start":{"line":173,"column":30},"end":{"line":175,"column":null}},"24":{"start":{"line":179,"column":27},"end":{"line":179,"column":62}},"25":{"start":{"line":180,"column":27},"end":{"line":180,"column":62}},"26":{"start":{"line":183,"column":4},"end":{"line":204,"column":null}},"27":{"start":{"line":207,"column":10},"end":{"line":228,"column":null}},"28":{"start":{"line":214,"column":17},"end":{"line":216,"column":6}},"29":{"start":{"line":219,"column":19},"end":{"line":220,"column":null}},"30":{"start":{"line":224,"column":4},"end":{"line":227,"column":null}},"31":{"start":{"line":35,"column":19},"end":{"line":35,"column":65}},"32":{"start":{"line":38,"column":23},"end":{"line":38,"column":56}},"33":{"start":{"line":41,"column":19},"end":{"line":41,"column":48}},"34":{"start":{"line":44,"column":25},"end":{"line":44,"column":66}},"35":{"start":{"line":47,"column":4},"end":{"line":47,"column":null}},"36":{"start":{"line":50,"column":23},"end":{"line":53,"column":null}},"37":{"start":{"line":22,"column":0},"end":{"line":22,"column":13}}},"fnMap":{"0":{"name":"(anonymous_0)","decl":{"start":{"line":31,"column":2},"end":{"line":31,"column":14}},"loc":{"start":{"line":31,"column":60},"end":{"line":69,"column":3}}},"1":{"name":"(anonymous_1)","decl":{"start":{"line":73,"column":22},"end":{"line":73,"column":null}},"loc":{"start":{"line":75,"column":68},"end":{"line":80,"column":8}}},"2":{"name":"(anonymous_2)","decl":{"start":{"line":84,"column":25},"end":{"line":84,"column":26}},"loc":{"start":{"line":85,"column":8},"end":{"line":85,"column":68}}},"3":{"name":"(anonymous_3)","decl":{"start":{"line":87,"column":28},"end":{"line":87,"column":null}},"loc":{"start":{"line":91,"column":8},"end":{"line":97,"column":10}}},"4":{"name":"(anonymous_4)","decl":{"start":{"line":99,"column":35},"end":{"line":99,"column":38}},"loc":{"start":{"line":99,"column":40},"end":{"line":117,"column":7}}},"5":{"name":"(anonymous_5)","decl":{"start":{"line":121,"column":25},"end":{"line":121,"column":26}},"loc":{"start":{"line":122,"column":4},"end":{"line":135,"column":6}}},"6":{"name":"(anonymous_6)","decl":{"start":{"line":137,"column":33},"end":{"line":137,"column":null}},"loc":{"start":{"line":142,"column":4},"end":{"line":149,"column":6}}},"7":{"name":"(anonymous_7)","decl":{"start":{"line":152,"column":29},"end":{"line":152,"column":null}},"loc":{"start":{"line":156,"column":6},"end":{"line":205,"column":3}}},"8":{"name":"(anonymous_8)","decl":{"start":{"line":207,"column":26},"end":{"line":207,"column":null}},"loc":{"start":{"line":211,"column":6},"end":{"line":228,"column":3}}}},"branchMap":{"0":{"loc":{"start":{"line":35,"column":50},"end":{"line":35,"column":52}},"type":"cond-expr","locations":[{"start":{"line":35,"column":50},"end":{"line":35,"column":52}},{"start":{"line":35,"column":50},"end":{"line":35,"column":64}}]},"1":{"loc":{"start":{"line":35,"column":45},"end":{"line":35,"column":52}},"type":"binary-expr","locations":[{"start":{"line":35,"column":45},"end":{"line":35,"column":52}},{"start":{"line":35,"column":50},"end":{"line":35,"column":52}}]},"2":{"loc":{"start":{"line":38,"column":28},"end":{"line":38,"column":30}},"type":"cond-expr","locations":[{"start":{"line":38,"column":28},"end":{"line":38,"column":30}},{"start":{"line":38,"column":28},"end":{"line":38,"column":44}}]},"3":{"loc":{"start":{"line":38,"column":23},"end":{"line":38,"column":30}},"type":"binary-expr","locations":[{"start":{"line":38,"column":23},"end":{"line":38,"column":30}},{"start":{"line":38,"column":28},"end":{"line":38,"column":30}}]},"4":{"loc":{"start":{"line":51,"column":11},"end":{"line":51,"column":13}},"type":"cond-expr","locations":[{"start":{"line":51,"column":11},"end":{"line":51,"column":13}},{"start":{"line":51,"column":11},"end":{"line":51,"column":28}}]},"5":{"loc":{"start":{"line":51,"column":6},"end":{"line":51,"column":13}},"type":"binary-expr","locations":[{"start":{"line":51,"column":6},"end":{"line":51,"column":13}},{"start":{"line":51,"column":11},"end":{"line":51,"column":13}}]},"6":{"loc":{"start":{"line":52,"column":11},"end":{"line":52,"column":13}},"type":"cond-expr","locations":[{"start":{"line":52,"column":11},"end":{"line":52,"column":13}},{"start":{"line":52,"column":11},"end":{"line":52,"column":26}}]},"7":{"loc":{"start":{"line":52,"column":6},"end":{"line":52,"column":13}},"type":"binary-expr","locations":[{"start":{"line":52,"column":6},"end":{"line":52,"column":13}},{"start":{"line":52,"column":11},"end":{"line":52,"column":13}}]}},"s":{"0":1,"1":1,"2":1,"3":1,"4":1,"5":1,"6":1,"7":2,"8":2,"9":4,"10":2,"11":2,"12":2,"13":2,"14":2,"15":2,"16":2,"17":2,"18":2,"19":2,"20":2,"21":2,"22":2,"23":2,"24":2,"25":2,"26":2,"27":2,"28":2,"29":2,"30":2,"31":2,"32":2,"33":2,"34":2,"35":2,"36":2,"37":1},"f":{"0":2,"1":4,"2":2,"3":2,"4":2,"5":2,"6":2,"7":2,"8":2},"b":{"0":[0,2],"1":[2,2],"2":[0,2],"3":[2,2],"4":[0,2],"5":[2,2],"6":[0,2],"7":[2,2]}}
}
