TN:
SF:/Users/ericmorrison/Documents/code/apps/metro-lens/lib/metro-lens-stack.ts
FN:30,(anonymous_0)
FN:72,(anonymous_1)
FN:79,(anonymous_2)
FN:95,(anonymous_3)
FN:105,(anonymous_4)
FN:136,(anonymous_5)
FNF:6
FNH:5
FNDA:2,(anonymous_0)
FNDA:0,(anonymous_1)
FNDA:2,(anonymous_2)
FNDA:2,(anonymous_3)
FNDA:2,(anonymous_4)
FNDA:2,(anonymous_5)
DA:4,1
DA:5,1
DA:6,1
DA:7,1
DA:8,1
DA:9,1
DA:21,1
DA:34,2
DA:37,2
DA:39,2
DA:42,2
DA:45,2
DA:48,2
DA:51,2
DA:72,2
DA:76,0
DA:79,2
DA:80,2
DA:95,2
DA:99,2
DA:105,2
DA:119,2
DA:136,2
DA:142,2
DA:146,2
DA:150,2
LF:26
LH:25
BRDA:37,0,0,0
BRDA:37,0,1,2
BRDA:37,1,0,2
BRDA:37,1,1,2
BRDA:39,2,0,0
BRDA:39,2,1,2
BRDA:39,3,0,2
BRDA:39,3,1,2
BRDA:52,4,0,0
BRDA:52,4,1,2
BRDA:52,5,0,2
BRDA:52,5,1,2
BRDA:53,6,0,0
BRDA:53,6,1,2
BRDA:53,7,0,2
BRDA:53,7,1,2
BRF:16
BRH:12
end_of_record
