TN:
SF:/Users/ericmorrison/Documents/code/apps/metro-lens/lib/metro-lens-stack.ts
FN:31,(anonymous_0)
FN:73,(anonymous_1)
FN:84,(anonymous_2)
FN:87,(anonymous_3)
FN:99,(anonymous_4)
FN:121,(anonymous_5)
FN:137,(anonymous_6)
FN:152,(anonymous_7)
FN:207,(anonymous_8)
FNF:9
FNH:9
FNDA:2,(anonymous_0)
FNDA:4,(anonymous_1)
FNDA:2,(anonymous_2)
FNDA:2,(anonymous_3)
FNDA:2,(anonymous_4)
FNDA:2,(anonymous_5)
FNDA:2,(anonymous_6)
FNDA:2,(anonymous_7)
FNDA:2,(anonymous_8)
DA:4,1
DA:5,1
DA:6,1
DA:7,1
DA:8,1
DA:9,1
DA:10,1
DA:22,1
DA:32,2
DA:35,2
DA:38,2
DA:41,2
DA:44,2
DA:47,2
DA:50,2
DA:71,2
DA:75,4
DA:85,2
DA:91,2
DA:101,2
DA:112,2
DA:121,2
DA:122,2
DA:137,2
DA:142,2
DA:152,2
DA:158,2
DA:161,2
DA:164,2
DA:167,2
DA:173,2
DA:179,2
DA:180,2
DA:183,2
DA:207,2
DA:214,2
DA:219,2
DA:224,2
LF:38
LH:38
BRDA:35,0,0,0
BRDA:35,0,1,2
BRDA:35,1,0,2
BRDA:35,1,1,2
BRDA:38,2,0,0
BRDA:38,2,1,2
BRDA:38,3,0,2
BRDA:38,3,1,2
BRDA:51,4,0,0
BRDA:51,4,1,2
BRDA:51,5,0,2
BRDA:51,5,1,2
BRDA:52,6,0,0
BRDA:52,6,1,2
BRDA:52,7,0,2
BRDA:52,7,1,2
BRF:16
BRH:12
end_of_record
